<?xml version="1.0" encoding="UTF-8"?>
<!-- Generated by org.testng.reporters.JUnitReportReporter -->
<testsuite hostname="CS-VEC004-W7" name="com.cs.test.SeleniumTest" tests="2" failures="0" timestamp="25 Nov 2016 07:10:48 GMT" time="84.117" errors="0">
  <testcase name="test" time="46.497" classname="com.cs.test.SeleniumTest"/>
  <testcase name="test" time="37.620" classname="com.cs.test.SeleniumTest"/>
</testsuite> <!-- com.cs.test.SeleniumTest -->
