<?xml version="1.0" encoding="UTF-8"?>
<!-- Generated by org.testng.reporters.JUnitReportReporter -->
<testsuite hostname="CS-VEC004-W7" name="com.cs.test.SeleniumTest" tests="1" failures="0" timestamp="1 Dec 2016 02:29:54 GMT" time="11.660" errors="0">
  <testcase name="test" time="11.660" classname="com.cs.test.SeleniumTest"/>
</testsuite> <!-- com.cs.test.SeleniumTest -->
