<?xml version="1.0" encoding="UTF-8"?>
<!-- Generated by org.testng.reporters.JUnitReportReporter -->
<testsuite hostname="CS-VEC004-W7" name="com.cs.test.SeleniumTest2" tests="1" failures="0" timestamp="28 Nov 2016 05:38:49 GMT" time="30.997" errors="0">
  <testcase name="test" time="30.997" classname="com.cs.test.SeleniumTest2"/>
</testsuite> <!-- com.cs.test.SeleniumTest2 -->
